<?xml version="1.0" encoding="UTF-8"?>
<!-- Generated by org.testng.reporters.JUnitXMLReporter -->
<testsuite ignored="0" hostname="DESKTOP-997GVRM" failures="0" tests="3" name="Default test" time="21.529" errors="0" timestamp="2024-12-14T09:58:30 IST">
  <testcase classname="com.TutorialNinjaTeastCase.Search" name="verifySerchWithValidProduct" time="0.675"/>
  <testcase classname="com.TutorialNinjaTeastCase.Search" name="verifySerchWithInValidProduct" time="0.608"/>
  <testcase classname="com.TutorialNinjaTeastCase.Search" name="verifySerchWithoutAnyProduct" time="0.448"/>
</testsuite> <!-- Default test -->
